{
  "RSpec": {
    "coverage": {
      "/home/facu/taekwongo/taekwongo/spec/models/user_spec.rb": [
        1,
        null,
        1,
        2,
        2,
        2,
        2,
        null,
        5,
        null,
        1,
        1,
        1,
        null,
        null,
        2,
        null,
        1,
        2,
        2,
        null,
        null,
        null
      ],
      "/home/facu/taekwongo/taekwongo/spec/rails_helper.rb": [
        1,
        1,
        1,
        1,
        1,
        1,
        1,
        null,
        4,
        null,
        null,
        null,
        null,
        null,
        null,
        null,
        null,
        null,
        null,
        null,
        null,
        null,
        null,
        null,
        null,
        1,
        1,
        1,
        null,
        1,
        1,
        1,
        1,
        null,
        null,
        1,
        null,
        1,
        1,
        1,
        1,
        1,
        1,
        null,
        null
      ],
      "/home/facu/taekwongo/taekwongo/config/environment.rb": [
        null,
        1,
        null,
        null,
        1
      ],
      "/home/facu/taekwongo/taekwongo/config/application.rb": [
        1,
        null,
        1,
        null,
        null,
        null,
        1,
        null,
        1,
        1,
        null,
        1,
        null,
        null,
        null,
        null,
        null,
        null,
        null
      ],
      "/home/facu/taekwongo/taekwongo/config/boot.rb": [
        1,
        null,
        1,
        1
      ],
      "/home/facu/taekwongo/taekwongo/config/spring.rb": [
        null,
        null,
        null,
        null,
        null,
        5
      ],
      "/home/facu/taekwongo/taekwongo/config/environments/test.rb": [
        1,
        null,
        null,
        null,
        null,
        null,
        null,
        1,
        null,
        null,
        null,
        null,
        1,
        null,
        null,
        1,
        1,
        null,
        null,
        null,
        null,
        1,
        1,
        null,
        null,
        1,
        null,
        null,
        1,
        null,
        null,
        1,
        null,
        1,
        null,
        null,
        null,
        null,
        1,
        null,
        null,
        1,
        null,
        null,
        null,
        null
      ],
      "/home/facu/taekwongo/taekwongo/config/initializers/application_controller_renderer.rb": [
        null,
        null,
        null,
        null,
        null,
        null,
        null,
        null
      ],
      "/home/facu/taekwongo/taekwongo/config/initializers/assets.rb": [
        null,
        null,
        null,
        1,
        null,
        null,
        null,
        null,
        1,
        null,
        null,
        null,
        null,
        null
      ],
      "/home/facu/taekwongo/taekwongo/config/initializers/backtrace_silencers.rb": [
        null,
        null,
        null,
        null,
        null,
        null,
        null
      ],
      "/home/facu/taekwongo/taekwongo/config/initializers/content_security_policy.rb": [
        null,
        null,
        null,
        null,
        null,
        null,
        null,
        null,
        null,
        null,
        null,
        null,
        null,
        null,
        null,
        null,
        null,
        null,
        null,
        null,
        null,
        null,
        null,
        null,
        null
      ],
      "/home/facu/taekwongo/taekwongo/config/initializers/cookies_serializer.rb": [
        null,
        null,
        null,
        null,
        1
      ],
      "/home/facu/taekwongo/taekwongo/config/initializers/devise.rb": [
        null,
        null,
        null,
        null,
        1,
        null,
        null,
        null,
        null,
        null,
        null,
        null,
        null,
        null,
        null,
        null,
        null,
        null,
        null,
        null,
        1,
        null,
        null,
        null,
        null,
        null,
        null,
        null,
        null,
        null,
        null,
        null,
        1,
        null,
        null,
        null,
        null,
        null,
        null,
        null,
        null,
        null,
        null,
        null,
        null,
        null,
        null,
        null,
        null,
        null,
        null,
        null,
        null,
        null,
        1,
        null,
        null,
        null,
        null,
        1,
        null,
        null,
        null,
        null,
        null,
        null,
        null,
        null,
        null,
        null,
        null,
        null,
        null,
        null,
        null,
        null,
        null,
        null,
        null,
        null,
        null,
        null,
        null,
        null,
        null,
        null,
        null,
        null,
        null,
        null,
        1,
        null,
        null,
        null,
        null,
        null,
        null,
        null,
        null,
        null,
        null,
        null,
        null,
        null,
        null,
        null,
        null,
        null,
        null,
        null,
        null,
        null,
        null,
        1,
        null,
        null,
        null,
        null,
        null,
        null,
        null,
        null,
        null,
        null,
        null,
        null,
        null,
        null,
        null,
        null,
        null,
        null,
        null,
        null,
        null,
        null,
        null,
        null,
        null,
        null,
        null,
        null,
        null,
        null,
        1,
        null,
        null,
        null,
        null,
        null,
        null,
        null,
        null,
        null,
        1,
        null,
        null,
        null,
        null,
        null,
        null,
        null,
        null,
        null,
        null,
        1,
        null,
        null,
        null,
        null,
        1,
        null,
        null,
        null,
        null,
        null,
        null,
        null,
        null,
        null,
        null,
        null,
        null,
        null,
        null,
        null,
        null,
        null,
        null,
        null,
        null,
        null,
        null,
        null,
        null,
        null,
        null,
        null,
        null,
        null,
        null,
        null,
        null,
        null,
        null,
        null,
        null,
        null,
        null,
        null,
        null,
        1,
        null,
        null,
        null,
        null,
        null,
        null,
        null,
        null,
        null,
        null,
        null,
        null,
        null,
        null,
        null,
        null,
        null,
        null,
        null,
        null,
        null,
        null,
        null,
        null,
        null,
        null,
        null,
        null,
        null,
        null,
        null,
        null,
        null,
        null,
        null,
        null,
        null,
        null,
        null,
        null,
        null,
        1,
        null,
        null,
        null,
        null,
        null,
        null,
        null,
        null,
        null,
        null,
        null,
        null,
        null,
        null,
        null,
        null,
        null,
        null,
        null,
        null,
        null,
        null,
        null,
        null,
        null,
        null,
        null,
        null,
        null
      ],
      "/home/facu/taekwongo/taekwongo/config/initializers/filter_parameter_logging.rb": [
        null,
        null,
        null,
        1
      ],
      "/home/facu/taekwongo/taekwongo/config/initializers/inflections.rb": [
        null,
        null,
        null,
        null,
        null,
        null,
        null,
        null,
        null,
        null,
        null,
        null,
        null,
        null,
        null,
        null
      ],
      "/home/facu/taekwongo/taekwongo/config/initializers/mime_types.rb": [
        null,
        null,
        null,
        null
      ],
      "/home/facu/taekwongo/taekwongo/config/initializers/wrap_parameters.rb": [
        null,
        null,
        null,
        null,
        null,
        null,
        1,
        2,
        null,
        null,
        null,
        null,
        null,
        null
      ],
      "/home/facu/taekwongo/taekwongo/spec/factories/user.rb": [
        1,
        1,
        7,
        6,
        7,
        7,
        7,
        7,
        7,
        7,
        null,
        null
      ],
      "/home/facu/taekwongo/taekwongo/config/routes.rb": [
        1,
        1,
        null,
        1,
        null
      ],
      "/home/facu/taekwongo/taekwongo/app/models/user.rb": [
        1,
        null,
        null,
        1,
        null,
        null,
        1,
        1,
        1,
        null
      ],
      "/home/facu/taekwongo/taekwongo/app/models/application_record.rb": [
        1,
        1,
        null
      ],
      "/home/facu/taekwongo/taekwongo/app/helpers/application_helper.rb": [
        1,
        null
      ],
      "/home/facu/taekwongo/taekwongo/spec/support/shared_user.rb": [
        1,
        0,
        0,
        0,
        0,
        null,
        0,
        0,
        null,
        null
      ],
      "/home/facu/taekwongo/taekwongo/spec/support/spec_helper.rb": [
        1,
        1,
        1,
        1,
        null,
        1,
        1,
        null,
        1,
        1,
        null,
        null,
        1,
        1,
        null,
        null,
        1,
        1,
        1,
        null,
        null,
        1,
        6,
        null,
        null,
        1,
        6,
        6,
        null,
        null
      ],
      "/home/facu/taekwongo/taekwongo/spec/support/parsed_response_helper.rb": [
        1,
        1,
        1,
        0,
        null,
        null,
        null
      ]
    },
    "timestamp": 1526778669
  }
}
